<?xml version="1.0" encoding="UTF-8"?>
<!-- Generated by org.testng.reporters.JUnitXMLReporter -->
<testsuite hostname="MAVBCP3488" ignored="0" name="Orange Test" tests="10" failures="0" timestamp="2021-10-17T16:05:42 IST" time="122.153" errors="0">
  <testcase name="Job_title" time="6.722" classname="com.jenkins.test.TestngClass_Chrome"/>
  <testcase name="paygrade" time="6.807" classname="com.jenkins.test.TestngClass_Chrome"/>
  <testcase name="EmployeeStatus" time="3.347" classname="com.jenkins.test.TestngClass_Chrome"/>
  <testcase name="category" time="5.24" classname="com.jenkins.test.TestngClass_Chrome"/>
  <testcase name="workshift" time="6.613" classname="com.jenkins.test.TestngClass_Chrome"/>
  <testcase name="Job_title" time="8.759" classname="com.jenkins.test.TestngClass_FireFox"/>
  <testcase name="paygrade" time="7.625" classname="com.jenkins.test.TestngClass_FireFox"/>
  <testcase name="EmployeeStatus" time="4.609" classname="com.jenkins.test.TestngClass_FireFox"/>
  <testcase name="category" time="6.894" classname="com.jenkins.test.TestngClass_FireFox"/>
  <testcase name="workshift" time="8.137" classname="com.jenkins.test.TestngClass_FireFox"/>
</testsuite> <!-- Orange Test -->
