<?xml version="1.0" encoding="UTF-8"?>
<!-- Generated by org.testng.reporters.JUnitXMLReporter -->
<testsuite hostname="MAVBCP3488" ignored="0" name="SpiceJet Test" tests="5" failures="0" timestamp="2021-10-17T12:51:38 IST" time="23.515" errors="0">
  <testcase name="Job_title" time="4.977" classname="com.jenkins.test.TestngClass"/>
  <testcase name="paygrade" time="4.969" classname="com.jenkins.test.TestngClass"/>
  <testcase name="EmployeeStatus" time="3.616" classname="com.jenkins.test.TestngClass"/>
  <testcase name="category" time="3.634" classname="com.jenkins.test.TestngClass"/>
  <testcase name="workshift" time="6.208" classname="com.jenkins.test.TestngClass"/>
</testsuite> <!-- SpiceJet Test -->
