<?xml version="1.0" encoding="UTF-8"?>
<!-- Generated by org.testng.reporters.JUnitXMLReporter -->
<testsuite hostname="MAVBCP3488" ignored="0" name="SpiceJet Test" tests="5" failures="0" timestamp="2021-10-17T13:43:11 IST" time="38.731" errors="0">
  <testcase name="Job_title" time="8.87" classname="com.jenkins.test.TestngClass"/>
  <testcase name="paygrade" time="8.279" classname="com.jenkins.test.TestngClass"/>
  <testcase name="EmployeeStatus" time="5.234" classname="com.jenkins.test.TestngClass"/>
  <testcase name="category" time="7.065" classname="com.jenkins.test.TestngClass"/>
  <testcase name="workshift" time="8.991" classname="com.jenkins.test.TestngClass"/>
</testsuite> <!-- SpiceJet Test -->
