<?xml version="1.0" encoding="UTF-8"?>
<testng-results skipped="0" failed="0" ignored="0" total="5" passed="5">
  <reporter-output>
  </reporter-output>
  <suite name="sample test suite" duration-ms="37742" started-at="2021-10-17T13:48:51 IST" finished-at="2021-10-17T13:49:29 IST">
    <groups>
    </groups>
    <test name="SpiceJet Test" duration-ms="37742" started-at="2021-10-17T13:48:51 IST" finished-at="2021-10-17T13:49:29 IST">
      <class name="com.jenkins.test.TestngClass">
        <test-method status="PASS" signature="setup()[pri:0, instance:com.jenkins.test.TestngClass@66bacdbc]" name="setup" is-config="true" duration-ms="25094" started-at="2021-10-17T13:48:26 IST" finished-at="2021-10-17T13:48:51 IST">
          <reporter-output>
          </reporter-output>
        </test-method> <!-- setup -->
        <test-method status="PASS" signature="beforetest()[pri:0, instance:com.jenkins.test.TestngClass@66bacdbc]" name="beforetest" is-config="true" duration-ms="0" started-at="2021-10-17T13:48:51 IST" finished-at="2021-10-17T13:48:51 IST">
          <reporter-output>
          </reporter-output>
        </test-method> <!-- beforetest -->
        <test-method status="PASS" signature="BeforeMethod()[pri:0, instance:com.jenkins.test.TestngClass@66bacdbc]" name="BeforeMethod" is-config="true" duration-ms="1" started-at="2021-10-17T13:48:51 IST" finished-at="2021-10-17T13:48:51 IST">
          <reporter-output>
          </reporter-output>
        </test-method> <!-- BeforeMethod -->
        <test-method status="PASS" signature="Job_title()[pri:0, instance:com.jenkins.test.TestngClass@66bacdbc]" name="Job_title" duration-ms="8558" started-at="2021-10-17T13:48:51 IST" finished-at="2021-10-17T13:49:00 IST">
          <reporter-output>
          </reporter-output>
        </test-method> <!-- Job_title -->
        <test-method status="PASS" signature="aftermethod()[pri:0, instance:com.jenkins.test.TestngClass@66bacdbc]" name="aftermethod" is-config="true" duration-ms="2" started-at="2021-10-17T13:49:00 IST" finished-at="2021-10-17T13:49:00 IST">
          <reporter-output>
          </reporter-output>
        </test-method> <!-- aftermethod -->
        <test-method status="PASS" signature="BeforeMethod()[pri:0, instance:com.jenkins.test.TestngClass@66bacdbc]" name="BeforeMethod" is-config="true" duration-ms="1" started-at="2021-10-17T13:49:00 IST" finished-at="2021-10-17T13:49:00 IST">
          <reporter-output>
          </reporter-output>
        </test-method> <!-- BeforeMethod -->
        <test-method status="PASS" signature="paygrade()[pri:1, instance:com.jenkins.test.TestngClass@66bacdbc]" name="paygrade" duration-ms="8184" started-at="2021-10-17T13:49:00 IST" finished-at="2021-10-17T13:49:08 IST">
          <reporter-output>
          </reporter-output>
        </test-method> <!-- paygrade -->
        <test-method status="PASS" signature="aftermethod()[pri:0, instance:com.jenkins.test.TestngClass@66bacdbc]" name="aftermethod" is-config="true" duration-ms="11" started-at="2021-10-17T13:49:08 IST" finished-at="2021-10-17T13:49:08 IST">
          <reporter-output>
          </reporter-output>
        </test-method> <!-- aftermethod -->
        <test-method status="PASS" signature="BeforeMethod()[pri:0, instance:com.jenkins.test.TestngClass@66bacdbc]" name="BeforeMethod" is-config="true" duration-ms="3" started-at="2021-10-17T13:49:08 IST" finished-at="2021-10-17T13:49:08 IST">
          <reporter-output>
          </reporter-output>
        </test-method> <!-- BeforeMethod -->
        <test-method status="PASS" signature="EmployeeStatus()[pri:2, instance:com.jenkins.test.TestngClass@66bacdbc]" name="EmployeeStatus" duration-ms="4647" started-at="2021-10-17T13:49:08 IST" finished-at="2021-10-17T13:49:13 IST">
          <reporter-output>
          </reporter-output>
        </test-method> <!-- EmployeeStatus -->
        <test-method status="PASS" signature="aftermethod()[pri:0, instance:com.jenkins.test.TestngClass@66bacdbc]" name="aftermethod" is-config="true" duration-ms="0" started-at="2021-10-17T13:49:13 IST" finished-at="2021-10-17T13:49:13 IST">
          <reporter-output>
          </reporter-output>
        </test-method> <!-- aftermethod -->
        <test-method status="PASS" signature="BeforeMethod()[pri:0, instance:com.jenkins.test.TestngClass@66bacdbc]" name="BeforeMethod" is-config="true" duration-ms="1" started-at="2021-10-17T13:49:13 IST" finished-at="2021-10-17T13:49:13 IST">
          <reporter-output>
          </reporter-output>
        </test-method> <!-- BeforeMethod -->
        <test-method status="PASS" signature="category()[pri:3, instance:com.jenkins.test.TestngClass@66bacdbc]" name="category" duration-ms="7064" started-at="2021-10-17T13:49:13 IST" finished-at="2021-10-17T13:49:20 IST">
          <reporter-output>
          </reporter-output>
        </test-method> <!-- category -->
        <test-method status="PASS" signature="aftermethod()[pri:0, instance:com.jenkins.test.TestngClass@66bacdbc]" name="aftermethod" is-config="true" duration-ms="1" started-at="2021-10-17T13:49:20 IST" finished-at="2021-10-17T13:49:20 IST">
          <reporter-output>
          </reporter-output>
        </test-method> <!-- aftermethod -->
        <test-method status="PASS" signature="BeforeMethod()[pri:0, instance:com.jenkins.test.TestngClass@66bacdbc]" name="BeforeMethod" is-config="true" duration-ms="1" started-at="2021-10-17T13:49:20 IST" finished-at="2021-10-17T13:49:20 IST">
          <reporter-output>
          </reporter-output>
        </test-method> <!-- BeforeMethod -->
        <test-method status="PASS" signature="workshift()[pri:4, instance:com.jenkins.test.TestngClass@66bacdbc]" name="workshift" duration-ms="9188" started-at="2021-10-17T13:49:20 IST" finished-at="2021-10-17T13:49:29 IST">
          <reporter-output>
          </reporter-output>
        </test-method> <!-- workshift -->
        <test-method status="PASS" signature="aftermethod()[pri:0, instance:com.jenkins.test.TestngClass@66bacdbc]" name="aftermethod" is-config="true" duration-ms="1" started-at="2021-10-17T13:49:29 IST" finished-at="2021-10-17T13:49:29 IST">
          <reporter-output>
          </reporter-output>
        </test-method> <!-- aftermethod -->
        <test-method status="PASS" signature="afterclass()[pri:0, instance:com.jenkins.test.TestngClass@66bacdbc]" name="afterclass" is-config="true" duration-ms="1" started-at="2021-10-17T13:49:29 IST" finished-at="2021-10-17T13:49:29 IST">
          <reporter-output>
          </reporter-output>
        </test-method> <!-- afterclass -->
        <test-method status="PASS" signature="aftertest()[pri:0, instance:com.jenkins.test.TestngClass@66bacdbc]" name="aftertest" is-config="true" duration-ms="0" started-at="2021-10-17T13:49:29 IST" finished-at="2021-10-17T13:49:29 IST">
          <reporter-output>
          </reporter-output>
        </test-method> <!-- aftertest -->
        <test-method status="PASS" signature="logout()[pri:0, instance:com.jenkins.test.TestngClass@66bacdbc]" name="logout" is-config="true" duration-ms="7774" started-at="2021-10-17T13:49:29 IST" finished-at="2021-10-17T13:49:37 IST">
          <reporter-output>
          </reporter-output>
        </test-method> <!-- logout -->
      </class> <!-- com.jenkins.test.TestngClass -->
    </test> <!-- SpiceJet Test -->
  </suite> <!-- sample test suite -->
</testng-results>
