<?xml version="1.0" encoding="UTF-8"?>
<testng-results skipped="0" failed="0" ignored="0" total="5" passed="5">
  <reporter-output>
  </reporter-output>
  <suite name="sample test suite" duration-ms="23515" started-at="2021-10-17T12:51:15 IST" finished-at="2021-10-17T12:51:38 IST">
    <groups>
    </groups>
    <test name="SpiceJet Test" duration-ms="23515" started-at="2021-10-17T12:51:15 IST" finished-at="2021-10-17T12:51:38 IST">
      <class name="com.jenkins.test.TestngClass">
        <test-method status="PASS" signature="setup()[pri:0, instance:com.jenkins.test.TestngClass@46daef40]" name="setup" is-config="true" duration-ms="21200" started-at="2021-10-17T12:50:53 IST" finished-at="2021-10-17T12:51:15 IST">
          <reporter-output>
          </reporter-output>
        </test-method> <!-- setup -->
        <test-method status="PASS" signature="beforetest()[pri:0, instance:com.jenkins.test.TestngClass@46daef40]" name="beforetest" is-config="true" duration-ms="1" started-at="2021-10-17T12:51:15 IST" finished-at="2021-10-17T12:51:15 IST">
          <reporter-output>
          </reporter-output>
        </test-method> <!-- beforetest -->
        <test-method status="PASS" signature="BeforeMethod()[pri:0, instance:com.jenkins.test.TestngClass@46daef40]" name="BeforeMethod" is-config="true" duration-ms="0" started-at="2021-10-17T12:51:15 IST" finished-at="2021-10-17T12:51:15 IST">
          <reporter-output>
          </reporter-output>
        </test-method> <!-- BeforeMethod -->
        <test-method status="PASS" signature="Job_title()[pri:0, instance:com.jenkins.test.TestngClass@46daef40]" name="Job_title" duration-ms="4977" started-at="2021-10-17T12:51:15 IST" finished-at="2021-10-17T12:51:20 IST">
          <reporter-output>
          </reporter-output>
        </test-method> <!-- Job_title -->
        <test-method status="PASS" signature="aftermethod()[pri:0, instance:com.jenkins.test.TestngClass@46daef40]" name="aftermethod" is-config="true" duration-ms="1" started-at="2021-10-17T12:51:20 IST" finished-at="2021-10-17T12:51:20 IST">
          <reporter-output>
          </reporter-output>
        </test-method> <!-- aftermethod -->
        <test-method status="PASS" signature="BeforeMethod()[pri:0, instance:com.jenkins.test.TestngClass@46daef40]" name="BeforeMethod" is-config="true" duration-ms="1" started-at="2021-10-17T12:51:20 IST" finished-at="2021-10-17T12:51:20 IST">
          <reporter-output>
          </reporter-output>
        </test-method> <!-- BeforeMethod -->
        <test-method status="PASS" signature="paygrade()[pri:1, instance:com.jenkins.test.TestngClass@46daef40]" name="paygrade" duration-ms="4969" started-at="2021-10-17T12:51:20 IST" finished-at="2021-10-17T12:51:25 IST">
          <reporter-output>
          </reporter-output>
        </test-method> <!-- paygrade -->
        <test-method status="PASS" signature="aftermethod()[pri:0, instance:com.jenkins.test.TestngClass@46daef40]" name="aftermethod" is-config="true" duration-ms="6" started-at="2021-10-17T12:51:25 IST" finished-at="2021-10-17T12:51:25 IST">
          <reporter-output>
          </reporter-output>
        </test-method> <!-- aftermethod -->
        <test-method status="PASS" signature="BeforeMethod()[pri:0, instance:com.jenkins.test.TestngClass@46daef40]" name="BeforeMethod" is-config="true" duration-ms="1" started-at="2021-10-17T12:51:25 IST" finished-at="2021-10-17T12:51:25 IST">
          <reporter-output>
          </reporter-output>
        </test-method> <!-- BeforeMethod -->
        <test-method status="PASS" signature="EmployeeStatus()[pri:2, instance:com.jenkins.test.TestngClass@46daef40]" name="EmployeeStatus" duration-ms="3616" started-at="2021-10-17T12:51:25 IST" finished-at="2021-10-17T12:51:28 IST">
          <reporter-output>
          </reporter-output>
        </test-method> <!-- EmployeeStatus -->
        <test-method status="PASS" signature="aftermethod()[pri:0, instance:com.jenkins.test.TestngClass@46daef40]" name="aftermethod" is-config="true" duration-ms="1" started-at="2021-10-17T12:51:28 IST" finished-at="2021-10-17T12:51:28 IST">
          <reporter-output>
          </reporter-output>
        </test-method> <!-- aftermethod -->
        <test-method status="PASS" signature="BeforeMethod()[pri:0, instance:com.jenkins.test.TestngClass@46daef40]" name="BeforeMethod" is-config="true" duration-ms="1" started-at="2021-10-17T12:51:28 IST" finished-at="2021-10-17T12:51:28 IST">
          <reporter-output>
          </reporter-output>
        </test-method> <!-- BeforeMethod -->
        <test-method status="PASS" signature="category()[pri:3, instance:com.jenkins.test.TestngClass@46daef40]" name="category" duration-ms="3634" started-at="2021-10-17T12:51:28 IST" finished-at="2021-10-17T12:51:32 IST">
          <reporter-output>
          </reporter-output>
        </test-method> <!-- category -->
        <test-method status="PASS" signature="aftermethod()[pri:0, instance:com.jenkins.test.TestngClass@46daef40]" name="aftermethod" is-config="true" duration-ms="7" started-at="2021-10-17T12:51:32 IST" finished-at="2021-10-17T12:51:32 IST">
          <reporter-output>
          </reporter-output>
        </test-method> <!-- aftermethod -->
        <test-method status="PASS" signature="BeforeMethod()[pri:0, instance:com.jenkins.test.TestngClass@46daef40]" name="BeforeMethod" is-config="true" duration-ms="0" started-at="2021-10-17T12:51:32 IST" finished-at="2021-10-17T12:51:32 IST">
          <reporter-output>
          </reporter-output>
        </test-method> <!-- BeforeMethod -->
        <test-method status="PASS" signature="workshift()[pri:4, instance:com.jenkins.test.TestngClass@46daef40]" name="workshift" duration-ms="6208" started-at="2021-10-17T12:51:32 IST" finished-at="2021-10-17T12:51:38 IST">
          <reporter-output>
          </reporter-output>
        </test-method> <!-- workshift -->
        <test-method status="PASS" signature="aftermethod()[pri:0, instance:com.jenkins.test.TestngClass@46daef40]" name="aftermethod" is-config="true" duration-ms="1" started-at="2021-10-17T12:51:38 IST" finished-at="2021-10-17T12:51:38 IST">
          <reporter-output>
          </reporter-output>
        </test-method> <!-- aftermethod -->
        <test-method status="PASS" signature="aftertest()[pri:0, instance:com.jenkins.test.TestngClass@46daef40]" name="aftertest" is-config="true" duration-ms="1" started-at="2021-10-17T12:51:38 IST" finished-at="2021-10-17T12:51:38 IST">
          <reporter-output>
          </reporter-output>
        </test-method> <!-- aftertest -->
        <test-method status="PASS" signature="logout()[pri:0, instance:com.jenkins.test.TestngClass@46daef40]" name="logout" is-config="true" duration-ms="1053" started-at="2021-10-17T12:51:38 IST" finished-at="2021-10-17T12:51:39 IST">
          <reporter-output>
          </reporter-output>
        </test-method> <!-- logout -->
      </class> <!-- com.jenkins.test.TestngClass -->
    </test> <!-- SpiceJet Test -->
  </suite> <!-- sample test suite -->
</testng-results>
