<?xml version="1.0" encoding="UTF-8"?>
<!-- Generated by org.testng.reporters.JUnitXMLReporter -->
<testsuite hostname="MAVBCP3488" ignored="0" name="SpiceJet Test" tests="5" failures="0" timestamp="2021-10-17T12:59:40 IST" time="18.819" errors="0">
  <testcase name="Job_title" time="4.116" classname="com.jenkins.test.TestngClass"/>
  <testcase name="paygrade" time="4.35" classname="com.jenkins.test.TestngClass"/>
  <testcase name="EmployeeStatus" time="2.574" classname="com.jenkins.test.TestngClass"/>
  <testcase name="category" time="2.8" classname="com.jenkins.test.TestngClass"/>
  <testcase name="workshift" time="4.87" classname="com.jenkins.test.TestngClass"/>
</testsuite> <!-- SpiceJet Test -->
